ts=2018-08-03T01:17:00.787908767Z module=loom level=error _msg="failed to commit ProcessEventBatch tx" err="no new events found in the batch"
ts=2018-08-03T01:17:10.812441623Z module=loom level=error _msg="failed to commit ProcessEventBatch tx" err="no new events found in the batch"
ts=2018-08-03T01:17:20.842370871Z module=loom level=error _msg="failed to commit ProcessEventBatch tx" err="no new events found in the batch"
ts=2018-08-03T01:17:30.866247853Z module=loom level=error _msg="failed to commit ProcessEventBatch tx" err="no new events found in the batch"
ts=2018-08-03T01:17:40.895924322Z module=loom level=error _msg="failed to commit ProcessEventBatch tx" err="no new events found in the batch"
ts=2018-08-03T01:17:50.92257527Z module=loom level=error _msg="failed to commit ProcessEventBatch tx" err="no new events found in the batch"
ts=2018-08-03T01:18:00.944813374Z module=loom level=error _msg="failed to commit ProcessEventBatch tx" err="no new events found in the batch"
ts=2018-08-03T01:18:10.966668118Z module=loom level=error _msg="failed to commit ProcessEventBatch tx" err="no new events found in the batch"
ts=2018-08-03T01:18:20.995186285Z module=loom level=error _msg="failed to commit ProcessEventBatch tx" err="no new events found in the batch"
ts=2018-08-03T01:18:31.023437508Z module=loom level=error _msg="failed to commit ProcessEventBatch tx" err="no new events found in the batch"
ts=2018-08-03T01:18:41.048375037Z module=loom level=error _msg="failed to commit ProcessEventBatch tx" err="no new events found in the batch"
ts=2018-08-03T01:18:51.074038405Z module=loom level=error _msg="failed to commit ProcessEventBatch tx" err="no new events found in the batch"
ts=2018-08-03T01:19:01.098761143Z module=loom level=error _msg="failed to commit ProcessEventBatch tx" err="no new events found in the batch"
ts=2018-08-03T01:19:11.126074601Z module=loom level=error _msg="failed to commit ProcessEventBatch tx" err="no new events found in the batch"
ts=2018-08-03T01:19:21.148927346Z module=loom level=error _msg="failed to commit ProcessEventBatch tx" err="no new events found in the batch"
ts=2018-08-03T01:19:31.177142826Z module=loom level=error _msg="failed to commit ProcessEventBatch tx" err="no new events found in the batch"
ts=2018-08-03T01:19:41.199664658Z module=loom level=error _msg="failed to commit ProcessEventBatch tx" err="no new events found in the batch"
ts=2018-08-03T01:19:51.226416657Z module=loom level=error _msg="failed to commit ProcessEventBatch tx" err="no new events found in the batch"
ts=2018-08-03T01:20:01.250675907Z module=loom level=error _msg="failed to commit ProcessEventBatch tx" err="no new events found in the batch"
ts=2018-08-03T01:20:21.299180224Z module=loom level=error _msg="failed to commit ProcessEventBatch tx" err="no new events found in the batch"
ts=2018-08-03T01:20:31.323438784Z module=loom level=error _msg="failed to commit ProcessEventBatch tx" err="no new events found in the batch"
ts=2018-08-03T01:20:41.351192627Z module=loom level=error _msg="failed to commit ProcessEventBatch tx" err="no new events found in the batch"
ts=2018-08-03T01:20:51.373318817Z module=loom level=error _msg="failed to commit ProcessEventBatch tx" err="no new events found in the batch"
ts=2018-08-03T01:21:01.398412436Z module=loom level=error _msg="failed to commit ProcessEventBatch tx" err="no new events found in the batch"
ts=2018-08-03T01:23:42.483139342Z module=loom level=error _msg="failed to fetch pending withdrawals from DAppChain" err="Response error: RPC error -32603 - Internal error: TG005: missing withdrawal receipt"
ts=2018-08-03T01:23:52.489110236Z module=loom level=error _msg="failed to fetch pending withdrawals from DAppChain" err="Response error: RPC error -32603 - Internal error: TG005: missing withdrawal receipt"
ts=2018-08-03T01:24:02.498685072Z module=loom level=error _msg="failed to fetch pending withdrawals from DAppChain" err="Response error: RPC error -32603 - Internal error: TG005: missing withdrawal receipt"
ts=2018-08-03T01:24:12.508679017Z module=loom level=error _msg="failed to fetch pending withdrawals from DAppChain" err="Response error: RPC error -32603 - Internal error: TG005: missing withdrawal receipt"
ts=2018-08-03T01:24:22.519793822Z module=loom level=error _msg="failed to fetch pending withdrawals from DAppChain" err="Response error: RPC error -32603 - Internal error: TG005: missing withdrawal receipt"
ts=2018-08-03T01:24:32.526621793Z module=loom level=error _msg="failed to fetch pending withdrawals from DAppChain" err="Response error: RPC error -32603 - Internal error: TG005: missing withdrawal receipt"
ts=2018-08-03T01:24:42.538953246Z module=loom level=error _msg="failed to fetch pending withdrawals from DAppChain" err="Response error: RPC error -32603 - Internal error: TG005: missing withdrawal receipt"
ts=2018-08-03T01:24:52.549254017Z module=loom level=error _msg="failed to fetch pending withdrawals from DAppChain" err="Response error: RPC error -32603 - Internal error: TG005: missing withdrawal receipt"
ts=2018-08-03T01:25:02.55862173Z module=loom level=error _msg="failed to fetch pending withdrawals from DAppChain" err="Response error: RPC error -32603 - Internal error: TG005: missing withdrawal receipt"
ts=2018-08-03T01:25:12.571713231Z module=loom level=error _msg="failed to fetch pending withdrawals from DAppChain" err="Response error: RPC error -32603 - Internal error: TG005: missing withdrawal receipt"
ts=2018-08-03T01:25:22.578238397Z module=loom level=error _msg="failed to fetch pending withdrawals from DAppChain" err="Response error: RPC error -32603 - Internal error: TG005: missing withdrawal receipt"
ts=2018-08-03T01:25:32.590211964Z module=loom level=error _msg="failed to fetch pending withdrawals from DAppChain" err="Response error: RPC error -32603 - Internal error: TG005: missing withdrawal receipt"
ts=2018-08-03T01:25:42.600002312Z module=loom level=error _msg="failed to fetch pending withdrawals from DAppChain" err="Response error: RPC error -32603 - Internal error: TG005: missing withdrawal receipt"
ts=2018-08-03T01:25:52.615042821Z module=loom level=error _msg="failed to fetch pending withdrawals from DAppChain" err="Response error: RPC error -32603 - Internal error: TG005: missing withdrawal receipt"
ts=2018-08-03T01:26:02.627502389Z module=loom level=error _msg="failed to fetch pending withdrawals from DAppChain" err="Response error: RPC error -32603 - Internal error: TG005: missing withdrawal receipt"
ts=2018-08-03T01:26:12.638816241Z module=loom level=error _msg="failed to fetch pending withdrawals from DAppChain" err="Response error: RPC error -32603 - Internal error: TG005: missing withdrawal receipt"
ts=2018-08-03T01:26:22.65140103Z module=loom level=error _msg="failed to fetch pending withdrawals from DAppChain" err="Response error: RPC error -32603 - Internal error: TG005: missing withdrawal receipt"
ts=2018-08-03T01:26:32.659368965Z module=loom level=error _msg="failed to fetch pending withdrawals from DAppChain" err="Response error: RPC error -32603 - Internal error: TG005: missing withdrawal receipt"
ts=2018-08-03T01:26:42.672451053Z module=loom level=error _msg="failed to fetch pending withdrawals from DAppChain" err="Response error: RPC error -32603 - Internal error: TG005: missing withdrawal receipt"
ts=2018-08-03T01:26:52.681608086Z module=loom level=error _msg="failed to fetch pending withdrawals from DAppChain" err="Response error: RPC error -32603 - Internal error: TG005: missing withdrawal receipt"
ts=2018-08-03T01:27:02.694425079Z module=loom level=error _msg="failed to fetch pending withdrawals from DAppChain" err="Response error: RPC error -32603 - Internal error: TG005: missing withdrawal receipt"
ts=2018-08-03T01:27:12.705104781Z module=loom level=error _msg="failed to fetch pending withdrawals from DAppChain" err="Response error: RPC error -32603 - Internal error: TG005: missing withdrawal receipt"
ts=2018-08-03T01:27:22.715663993Z module=loom level=error _msg="failed to fetch pending withdrawals from DAppChain" err="Response error: RPC error -32603 - Internal error: TG005: missing withdrawal receipt"
ts=2018-08-03T01:27:32.724291018Z module=loom level=error _msg="failed to fetch pending withdrawals from DAppChain" err="Response error: RPC error -32603 - Internal error: TG005: missing withdrawal receipt"
ts=2018-08-03T01:27:42.73646873Z module=loom level=error _msg="failed to fetch pending withdrawals from DAppChain" err="Response error: RPC error -32603 - Internal error: TG005: missing withdrawal receipt"
ts=2018-08-03T01:27:52.74517551Z module=loom level=error _msg="failed to fetch pending withdrawals from DAppChain" err="Response error: RPC error -32603 - Internal error: TG005: missing withdrawal receipt"
ts=2018-08-03T01:28:02.754535714Z module=loom level=error _msg="failed to fetch pending withdrawals from DAppChain" err="Response error: RPC error -32603 - Internal error: TG005: missing withdrawal receipt"
ts=2018-08-03T01:28:12.767980331Z module=loom level=error _msg="failed to fetch pending withdrawals from DAppChain" err="Response error: RPC error -32603 - Internal error: TG005: missing withdrawal receipt"
ts=2018-08-03T01:28:22.778427229Z module=loom level=error _msg="failed to fetch pending withdrawals from DAppChain" err="Response error: RPC error -32603 - Internal error: TG005: missing withdrawal receipt"
ts=2018-08-03T01:28:32.788934375Z module=loom level=error _msg="failed to fetch pending withdrawals from DAppChain" err="Response error: RPC error -32603 - Internal error: TG005: missing withdrawal receipt"
ts=2018-08-03T01:28:42.802153583Z module=loom level=error _msg="failed to fetch pending withdrawals from DAppChain" err="Response error: RPC error -32603 - Internal error: TG005: missing withdrawal receipt"
ts=2018-08-03T01:28:52.810474883Z module=loom level=error _msg="failed to fetch pending withdrawals from DAppChain" err="Response error: RPC error -32603 - Internal error: TG005: missing withdrawal receipt"
ts=2018-08-03T01:29:02.822123254Z module=loom level=error _msg="failed to fetch pending withdrawals from DAppChain" err="Response error: RPC error -32603 - Internal error: TG005: missing withdrawal receipt"
ts=2018-08-03T01:29:12.830934157Z module=loom level=error _msg="failed to fetch pending withdrawals from DAppChain" err="Response error: RPC error -32603 - Internal error: TG005: missing withdrawal receipt"
ts=2018-08-03T01:29:22.842553306Z module=loom level=error _msg="failed to fetch pending withdrawals from DAppChain" err="Response error: RPC error -32603 - Internal error: TG005: missing withdrawal receipt"
ts=2018-08-03T01:29:32.851704227Z module=loom level=error _msg="failed to fetch pending withdrawals from DAppChain" err="Response error: RPC error -32603 - Internal error: TG005: missing withdrawal receipt"
ts=2018-08-03T01:29:42.864337681Z module=loom level=error _msg="failed to fetch pending withdrawals from DAppChain" err="Response error: RPC error -32603 - Internal error: TG005: missing withdrawal receipt"
ts=2018-08-03T01:29:52.871191978Z module=loom level=error _msg="failed to fetch pending withdrawals from DAppChain" err="Response error: RPC error -32603 - Internal error: TG005: missing withdrawal receipt"
ts=2018-08-03T01:30:02.883150463Z module=loom level=error _msg="failed to fetch pending withdrawals from DAppChain" err="Response error: RPC error -32603 - Internal error: TG005: missing withdrawal receipt"
ts=2018-08-03T01:30:12.895597974Z module=loom level=error _msg="failed to fetch pending withdrawals from DAppChain" err="Response error: RPC error -32603 - Internal error: TG005: missing withdrawal receipt"
ts=2018-08-03T01:30:22.909473117Z module=loom level=error _msg="failed to fetch pending withdrawals from DAppChain" err="Response error: RPC error -32603 - Internal error: TG005: missing withdrawal receipt"
ts=2018-08-03T01:30:32.916624585Z module=loom level=error _msg="failed to fetch pending withdrawals from DAppChain" err="Response error: RPC error -32603 - Internal error: TG005: missing withdrawal receipt"
ts=2018-08-03T01:30:42.927295347Z module=loom level=error _msg="failed to fetch pending withdrawals from DAppChain" err="Response error: RPC error -32603 - Internal error: TG005: missing withdrawal receipt"
ts=2018-08-03T01:30:52.938732185Z module=loom level=error _msg="failed to fetch pending withdrawals from DAppChain" err="Response error: RPC error -32603 - Internal error: TG005: missing withdrawal receipt"
ts=2018-08-03T01:31:02.947034595Z module=loom level=error _msg="failed to fetch pending withdrawals from DAppChain" err="Response error: RPC error -32603 - Internal error: TG005: missing withdrawal receipt"
ts=2018-08-03T01:31:12.956125044Z module=loom level=error _msg="failed to fetch pending withdrawals from DAppChain" err="Response error: RPC error -32603 - Internal error: TG005: missing withdrawal receipt"
ts=2018-08-03T01:31:22.963704421Z module=loom level=error _msg="failed to fetch pending withdrawals from DAppChain" err="Response error: RPC error -32603 - Internal error: TG005: missing withdrawal receipt"
ts=2018-08-03T01:31:32.969906284Z module=loom level=error _msg="failed to fetch pending withdrawals from DAppChain" err="Response error: RPC error -32603 - Internal error: TG005: missing withdrawal receipt"
ts=2018-08-03T01:31:42.976770757Z module=loom level=error _msg="failed to fetch pending withdrawals from DAppChain" err="Response error: RPC error -32603 - Internal error: TG005: missing withdrawal receipt"
ts=2018-08-03T01:31:52.982739485Z module=loom level=error _msg="failed to fetch pending withdrawals from DAppChain" err="Response error: RPC error -32603 - Internal error: TG005: missing withdrawal receipt"
ts=2018-08-03T01:32:02.992101244Z module=loom level=error _msg="failed to fetch pending withdrawals from DAppChain" err="Response error: RPC error -32603 - Internal error: TG005: missing withdrawal receipt"
ts=2018-08-03T01:32:12.997402523Z module=loom level=error _msg="failed to fetch pending withdrawals from DAppChain" err="Response error: RPC error -32603 - Internal error: TG005: missing withdrawal receipt"
ts=2018-08-03T01:32:23.008574888Z module=loom level=error _msg="failed to fetch pending withdrawals from DAppChain" err="Response error: RPC error -32603 - Internal error: TG005: missing withdrawal receipt"
ts=2018-08-03T01:32:33.01650013Z module=loom level=error _msg="failed to fetch pending withdrawals from DAppChain" err="Response error: RPC error -32603 - Internal error: TG005: missing withdrawal receipt"
ts=2018-08-03T01:32:43.024974265Z module=loom level=error _msg="failed to fetch pending withdrawals from DAppChain" err="Response error: RPC error -32603 - Internal error: TG005: missing withdrawal receipt"
ts=2018-08-03T01:32:53.034938965Z module=loom level=error _msg="failed to fetch pending withdrawals from DAppChain" err="Response error: RPC error -32603 - Internal error: TG005: missing withdrawal receipt"
ts=2018-08-03T01:33:03.04499648Z module=loom level=error _msg="failed to fetch pending withdrawals from DAppChain" err="Response error: RPC error -32603 - Internal error: TG005: missing withdrawal receipt"
ts=2018-08-03T01:33:13.053045733Z module=loom level=error _msg="failed to fetch pending withdrawals from DAppChain" err="Response error: RPC error -32603 - Internal error: TG005: missing withdrawal receipt"
ts=2018-08-03T01:33:23.063171321Z module=loom level=error _msg="failed to fetch pending withdrawals from DAppChain" err="Response error: RPC error -32603 - Internal error: TG005: missing withdrawal receipt"
ts=2018-08-03T01:33:33.070567922Z module=loom level=error _msg="failed to fetch pending withdrawals from DAppChain" err="Response error: RPC error -32603 - Internal error: TG005: missing withdrawal receipt"
ts=2018-08-03T01:33:43.07699813Z module=loom level=error _msg="failed to fetch pending withdrawals from DAppChain" err="Response error: RPC error -32603 - Internal error: TG005: missing withdrawal receipt"
ts=2018-08-03T01:33:53.087929117Z module=loom level=error _msg="failed to fetch pending withdrawals from DAppChain" err="Response error: RPC error -32603 - Internal error: TG005: missing withdrawal receipt"
ts=2018-08-03T01:34:03.095014279Z module=loom level=error _msg="failed to fetch pending withdrawals from DAppChain" err="Response error: RPC error -32603 - Internal error: TG005: missing withdrawal receipt"
ts=2018-08-03T01:34:13.100174929Z module=loom level=error _msg="failed to fetch pending withdrawals from DAppChain" err="Response error: RPC error -32603 - Internal error: TG005: missing withdrawal receipt"
ts=2018-08-03T01:34:23.109084331Z module=loom level=error _msg="failed to fetch pending withdrawals from DAppChain" err="Response error: RPC error -32603 - Internal error: TG005: missing withdrawal receipt"
ts=2018-08-03T01:34:33.114071163Z module=loom level=error _msg="failed to fetch pending withdrawals from DAppChain" err="Response error: RPC error -32603 - Internal error: TG005: missing withdrawal receipt"
ts=2018-08-03T01:34:43.118888513Z module=loom level=error _msg="failed to fetch pending withdrawals from DAppChain" err="Response error: RPC error -32603 - Internal error: TG005: missing withdrawal receipt"
ts=2018-08-03T01:34:53.122830609Z module=loom level=error _msg="failed to fetch pending withdrawals from DAppChain" err="Response error: RPC error -32603 - Internal error: TG005: missing withdrawal receipt"
ts=2018-08-03T01:35:03.127891694Z module=loom level=error _msg="failed to fetch pending withdrawals from DAppChain" err="Response error: RPC error -32603 - Internal error: TG005: missing withdrawal receipt"
ts=2018-08-03T01:35:13.132440709Z module=loom level=error _msg="failed to fetch pending withdrawals from DAppChain" err="Response error: RPC error -32603 - Internal error: TG005: missing withdrawal receipt"
ts=2018-08-03T01:35:23.14116978Z module=loom level=error _msg="failed to fetch pending withdrawals from DAppChain" err="Response error: RPC error -32603 - Internal error: TG005: missing withdrawal receipt"
ts=2018-08-03T01:35:33.149561442Z module=loom level=error _msg="failed to fetch pending withdrawals from DAppChain" err="Response error: RPC error -32603 - Internal error: TG005: missing withdrawal receipt"
ts=2018-08-03T01:35:43.155646859Z module=loom level=error _msg="failed to fetch pending withdrawals from DAppChain" err="Response error: RPC error -32603 - Internal error: TG005: missing withdrawal receipt"
ts=2018-08-03T01:35:53.161649548Z module=loom level=error _msg="failed to fetch pending withdrawals from DAppChain" err="Response error: RPC error -32603 - Internal error: TG005: missing withdrawal receipt"
ts=2018-08-03T01:36:03.166240942Z module=loom level=error _msg="failed to fetch pending withdrawals from DAppChain" err="Response error: RPC error -32603 - Internal error: TG005: missing withdrawal receipt"
ts=2018-08-03T01:36:13.172629711Z module=loom level=error _msg="failed to fetch pending withdrawals from DAppChain" err="Response error: RPC error -32603 - Internal error: TG005: missing withdrawal receipt"
ts=2018-08-03T01:36:23.181172754Z module=loom level=error _msg="failed to fetch pending withdrawals from DAppChain" err="Response error: RPC error -32603 - Internal error: TG005: missing withdrawal receipt"
ts=2018-08-03T01:36:33.191376402Z module=loom level=error _msg="failed to fetch pending withdrawals from DAppChain" err="Response error: RPC error -32603 - Internal error: TG005: missing withdrawal receipt"
ts=2018-08-03T01:36:43.199088435Z module=loom level=error _msg="failed to fetch pending withdrawals from DAppChain" err="Response error: RPC error -32603 - Internal error: TG005: missing withdrawal receipt"
ts=2018-08-03T01:36:53.20802797Z module=loom level=error _msg="failed to fetch pending withdrawals from DAppChain" err="Response error: RPC error -32603 - Internal error: TG005: missing withdrawal receipt"
ts=2018-08-03T01:37:03.217949347Z module=loom level=error _msg="failed to fetch pending withdrawals from DAppChain" err="Response error: RPC error -32603 - Internal error: TG005: missing withdrawal receipt"
ts=2018-08-03T01:37:13.22582313Z module=loom level=error _msg="failed to fetch pending withdrawals from DAppChain" err="Response error: RPC error -32603 - Internal error: TG005: missing withdrawal receipt"
ts=2018-08-03T01:37:23.231892104Z module=loom level=error _msg="failed to fetch pending withdrawals from DAppChain" err="Response error: RPC error -32603 - Internal error: TG005: missing withdrawal receipt"
ts=2018-08-03T01:37:33.241269537Z module=loom level=error _msg="failed to fetch pending withdrawals from DAppChain" err="Response error: RPC error -32603 - Internal error: TG005: missing withdrawal receipt"
ts=2018-08-03T01:37:43.247371946Z module=loom level=error _msg="failed to fetch pending withdrawals from DAppChain" err="Response error: RPC error -32603 - Internal error: TG005: missing withdrawal receipt"
ts=2018-08-03T01:37:53.257484969Z module=loom level=error _msg="failed to fetch pending withdrawals from DAppChain" err="Response error: RPC error -32603 - Internal error: TG005: missing withdrawal receipt"
ts=2018-08-03T01:38:03.264953106Z module=loom level=error _msg="failed to fetch pending withdrawals from DAppChain" err="Response error: RPC error -32603 - Internal error: TG005: missing withdrawal receipt"
ts=2018-08-03T01:38:13.270365575Z module=loom level=error _msg="failed to fetch pending withdrawals from DAppChain" err="Response error: RPC error -32603 - Internal error: TG005: missing withdrawal receipt"
ts=2018-08-03T01:38:23.27636606Z module=loom level=error _msg="failed to fetch pending withdrawals from DAppChain" err="Response error: RPC error -32603 - Internal error: TG005: missing withdrawal receipt"
ts=2018-08-03T01:38:33.283534851Z module=loom level=error _msg="failed to fetch pending withdrawals from DAppChain" err="Response error: RPC error -32603 - Internal error: TG005: missing withdrawal receipt"
ts=2018-08-03T01:38:43.295630883Z module=loom level=error _msg="failed to fetch pending withdrawals from DAppChain" err="Response error: RPC error -32603 - Internal error: TG005: missing withdrawal receipt"
ts=2018-08-03T01:38:53.300973943Z module=loom level=error _msg="failed to fetch pending withdrawals from DAppChain" err="Response error: RPC error -32603 - Internal error: TG005: missing withdrawal receipt"
ts=2018-08-03T01:39:03.310654481Z module=loom level=error _msg="failed to fetch pending withdrawals from DAppChain" err="Response error: RPC error -32603 - Internal error: TG005: missing withdrawal receipt"
ts=2018-08-03T01:39:13.319865582Z module=loom level=error _msg="failed to fetch pending withdrawals from DAppChain" err="Response error: RPC error -32603 - Internal error: TG005: missing withdrawal receipt"
ts=2018-08-03T01:39:23.330287182Z module=loom level=error _msg="failed to fetch pending withdrawals from DAppChain" err="Response error: RPC error -32603 - Internal error: TG005: missing withdrawal receipt"
ts=2018-08-03T01:39:33.336657Z module=loom level=error _msg="failed to fetch pending withdrawals from DAppChain" err="Response error: RPC error -32603 - Internal error: TG005: missing withdrawal receipt"
ts=2018-08-03T01:39:43.343794365Z module=loom level=error _msg="failed to fetch pending withdrawals from DAppChain" err="Response error: RPC error -32603 - Internal error: TG005: missing withdrawal receipt"
ts=2018-08-03T01:39:53.354070779Z module=loom level=error _msg="failed to fetch pending withdrawals from DAppChain" err="Response error: RPC error -32603 - Internal error: TG005: missing withdrawal receipt"
ts=2018-08-03T01:40:03.359644996Z module=loom level=error _msg="failed to fetch pending withdrawals from DAppChain" err="Response error: RPC error -32603 - Internal error: TG005: missing withdrawal receipt"
ts=2018-08-03T01:40:13.365789585Z module=loom level=error _msg="failed to fetch pending withdrawals from DAppChain" err="Response error: RPC error -32603 - Internal error: TG005: missing withdrawal receipt"
ts=2018-08-03T01:40:23.373991838Z module=loom level=error _msg="failed to fetch pending withdrawals from DAppChain" err="Response error: RPC error -32603 - Internal error: TG005: missing withdrawal receipt"
loom level=error _msg="failed to commit ProcessEventBatch tx" err="no new events found in the batch"
ts=2018-08-01T23:19:14.652664404Z module=loom level=error _msg="failed to commit ProcessEventBatch tx" err="no new events found in the batch"
ts=2018-08-01T23:19:15.665496524Z module=loom level=error _msg="failed to commit ProcessEventBatch tx" err="no new events found in the batch"
ts=2018-08-01T23:19:16.682903551Z module=loom level=error _msg="failed to commit ProcessEventBatch tx" err="no new events found in the batch"
ts=2018-08-01T23:19:17.703864221Z module=loom level=error _msg="failed to commit ProcessEventBatch tx" err="no new events found in the batch"
ts=2018-08-01T23:19:18.720810691Z module=loom level=error _msg="failed to commit ProcessEventBatch tx" err="no new events found in the batch"
ts=2018-08-01T23:19:19.738401028Z module=loom level=error _msg="failed to commit ProcessEventBatch tx" err="no new events found in the batch"
ts=2018-08-01T23:19:20.752570034Z module=loom level=error _msg="failed to commit ProcessEventBatch tx" err="no new events found in the batch"
ts=2018-08-01T23:19:21.767287994Z module=loom level=error _msg="failed to commit ProcessEventBatch tx" err="no new events found in the batch"
ts=2018-08-01T23:19:22.779151539Z module=loom level=error _msg="failed to commit ProcessEventBatch tx" err="no new events found in the batch"
ts=2018-08-01T23:19:23.796118969Z module=loom level=error _msg="failed to commit ProcessEventBatch tx" err="no new events found in the batch"
ts=2018-08-01T23:19:24.809661432Z module=loom level=error _msg="failed to commit ProcessEventBatch tx" err="no new events found in the batch"
ts=2018-08-01T23:19:25.824381152Z module=loom level=error _msg="failed to commit ProcessEventBatch tx" err="no new events found in the batch"
ts=2018-08-01T23:19:26.899267014Z module=loom level=error _msg="failed to commit ProcessEventBatch tx" err="no new events found in the batch"
ts=2018-08-01T23:19:27.917619591Z module=loom level=error _msg="failed to commit ProcessEventBatch tx" err="no new events found in the batch"
ts=2018-08-01T23:19:28.935947024Z module=loom level=error _msg="failed to commit ProcessEventBatch tx" err="no new events found in the batch"
ts=2018-08-01T23:19:29.95649438Z module=loom level=error _msg="failed to commit ProcessEventBatch tx" err="no new events found in the batch"
ts=2018-08-01T23:19:30.972052544Z module=loom level=error _msg="failed to commit ProcessEventBatch tx" err="no new events found in the batch"
ts=2018-08-01T23:19:31.987494497Z module=loom level=error _msg="failed to commit ProcessEventBatch tx" err="no new events found in the batch"
ts=2018-08-01T23:19:32.999838192Z module=loom level=error _msg="failed to commit ProcessEventBatch tx" err="no new events found in the batch"
ts=2018-08-01T23:19:34.018332921Z module=loom level=error _msg="failed to commit ProcessEventBatch tx" err="no new events found in the batch"
ts=2018-08-01T23:19:35.035046658Z module=loom level=error _msg="failed to commit ProcessEventBatch tx" err="no new events found in the batch"
ts=2018-08-01T23:19:36.054462225Z module=loom level=error _msg="failed to commit ProcessEventBatch tx" err="no new events found in the batch"
ts=2018-08-01T23:19:37.071215577Z module=loom level=error _msg="failed to commit ProcessEventBatch tx" err="no new events found in the batch"
ts=2018-08-01T23:19:38.092048227Z module=loom level=error _msg="failed to commit ProcessEventBatch tx" err="no new events found in the batch"
ts=2018-08-01T23:19:39.113087374Z module=loom level=error _msg="failed to commit ProcessEventBatch tx" err="no new events found in the batch"
ts=2018-08-01T23:19:40.128451895Z module=loom level=error _msg="failed to commit ProcessEventBatch tx" err="no new events found in the batch"
ts=2018-08-01T23:19:41.147803645Z module=loom level=error _msg="failed to commit ProcessEventBatch tx" err="no new events found in the batch"
ts=2018-08-01T23:19:42.163246242Z module=loom level=error _msg="failed to commit ProcessEventBatch tx" err="no new events found in the batch"
ts=2018-08-01T23:19:43.178385133Z module=loom level=error _msg="failed to commit ProcessEventBatch tx" err="no new events found in the batch"
ts=2018-08-01T23:19:44.194188259Z module=loom level=error _msg="failed to commit ProcessEventBatch tx" err="no new events found in the batch"
ts=2018-08-01T23:19:45.211959778Z module=loom level=error _msg="failed to commit ProcessEventBatch tx" err="no new events found in the batch"
ts=2018-08-01T23:19:46.229907603Z module=loom level=error _msg="failed to commit ProcessEventBatch tx" err="no new events found in the batch"
ts=2018-08-01T23:19:47.249464526Z module=loom level=error _msg="failed to commit ProcessEventBatch tx" err="no new events found in the batch"
ts=2018-08-01T23:19:48.264631928Z module=loom level=error _msg="failed to commit ProcessEventBatch tx" err="no new events found in the batch"
ts=2018-08-01T23:19:49.284869928Z module=loom level=error _msg="failed to commit ProcessEventBatch tx" err="no new events found in the batch"
ts=2018-08-01T23:19:50.301021882Z module=loom level=error _msg="failed to commit ProcessEventBatch tx" err="no new events found in the batch"
ts=2018-08-01T23:19:51.316760618Z module=loom level=error _msg="failed to commit ProcessEventBatch tx" err="no new events found in the batch"
ts=2018-08-01T23:19:52.335865108Z module=loom level=error _msg="failed to commit ProcessEventBatch tx" err="no new events found in the batch"
ts=2018-08-01T23:19:53.356421198Z module=loom level=error _msg="failed to commit ProcessEventBatch tx" err="no new events found in the batch"
ts=2018-08-01T23:19:54.372287521Z module=loom level=error _msg="failed to commit ProcessEventBatch tx" err="no new events found in the batch"
ts=2018-08-01T23:19:55.390107433Z module=loom level=error _msg="failed to commit ProcessEventBatch tx" err="no new events found in the batch"
ts=2018-08-01T23:19:56.409027733Z module=loom level=error _msg="failed to commit ProcessEventBatch tx" err="no new events found in the batch"
ts=2018-08-01T23:19:57.436511228Z module=loom level=error _msg="failed to commit ProcessEventBatch tx" err="no new events found in the batch"
ts=2018-08-01T23:19:58.454783702Z module=loom level=error _msg="failed to commit ProcessEventBatch tx" err="no new events found in the batch"
ts=2018-08-01T23:19:59.470769312Z module=loom level=error _msg="failed to commit ProcessEventBatch tx" err="no new events found in the batch"
ts=2018-08-01T23:20:00.489550827Z module=loom level=error _msg="failed to commit ProcessEventBatch tx" err="no new events found in the batch"
ts=2018-08-01T23:20:01.504573018Z module=loom level=error _msg="failed to commit ProcessEventBatch tx" err="no new events found in the batch"
ts=2018-08-01T23:20:02.518266158Z module=loom level=error _msg="failed to commit ProcessEventBatch tx" err="no new events found in the batch"
ts=2018-08-01T23:20:03.530905544Z module=loom level=error _msg="failed to commit ProcessEventBatch tx" err="no new events found in the batch"
ts=2018-08-01T23:20:04.543578466Z module=loom level=error _msg="failed to commit ProcessEventBatch tx" err="no new events found in the batch"
ts=2018-08-01T23:20:05.560234104Z module=loom level=error _msg="failed to commit ProcessEventBatch tx" err="no new events found in the batch"
ts=2018-08-01T23:20:06.576415138Z module=loom level=error _msg="failed to commit ProcessEventBatch tx" err="no new events found in the batch"
ts=2018-08-01T23:20:07.596454532Z module=loom level=error _msg="failed to commit ProcessEventBatch tx" err="no new events found in the batch"
ts=2018-08-01T23:20:08.614807226Z module=loom level=error _msg="failed to commit ProcessEventBatch tx" err="no new events found in the batch"
ts=2018-08-01T23:20:09.636049009Z module=loom level=error _msg="failed to commit ProcessEventBatch tx" err="no new events found in the batch"
ts=2018-08-01T23:20:10.655102279Z module=loom level=error _msg="failed to commit ProcessEventBatch tx" err="no new events found in the batch"
ts=2018-08-01T23:20:11.67078747Z module=loom level=error _msg="failed to commit ProcessEventBatch tx" err="no new events found in the batch"
ts=2018-08-01T23:20:12.686149785Z module=loom level=error _msg="failed to commit ProcessEventBatch tx" err="no new events found in the batch"
ts=2018-08-01T23:20:13.699137509Z module=loom level=error _msg="failed to commit ProcessEventBatch tx" err="no new events found in the batch"
ts=2018-08-01T23:20:14.716973411Z module=loom level=error _msg="failed to commit ProcessEventBatch tx" err="no new events found in the batch"
ts=2018-08-01T23:20:15.736918822Z module=loom level=error _msg="failed to commit ProcessEventBatch tx" err="no new events found in the batch"
ts=2018-08-01T23:20:16.749050876Z module=loom level=error _msg="failed to commit ProcessEventBatch tx" err="no new events found in the batch"
ts=2018-08-01T23:20:17.766840568Z module=loom level=error _msg="failed to commit ProcessEventBatch tx" err="no new events found in the batch"
ts=2018-08-01T23:20:18.785248321Z module=loom level=error _msg="failed to commit ProcessEventBatch tx" err="no new events found in the batch"
ts=2018-08-01T23:20:19.801796631Z module=loom level=error _msg="failed to commit ProcessEventBatch tx" err="no new events found in the batch"
ts=2018-08-01T23:20:20.818219849Z module=loom level=error _msg="failed to commit ProcessEventBatch tx" err="no new events found in the batch"
ts=2018-08-01T23:20:21.833650849Z module=loom level=error _msg="failed to commit ProcessEventBatch tx" err="no new events found in the batch"
ts=2018-08-01T23:20:22.852134536Z module=loom level=error _msg="failed to commit ProcessEventBatch tx" err="no new events found in the batch"
ts=2018-08-01T23:20:23.866534385Z module=loom level=error _msg="failed to commit ProcessEventBatch tx" err="no new events found in the batch"
ts=2018-08-01T23:20:24.885463742Z module=loom level=error _msg="failed to commit ProcessEventBatch tx" err="no new events found in the batch"
ts=2018-08-01T23:20:25.90286139Z module=loom level=error _msg="failed to commit ProcessEventBatch tx" err="no new events found in the batch"
ts=2018-08-01T23:20:26.923295649Z module=loom level=error _msg="failed to commit ProcessEventBatch tx" err="no new events found in the batch"
ts=2018-08-01T23:20:27.943894961Z module=loom level=error _msg="failed to commit ProcessEventBatch tx" err="no new events found in the batch"
ts=2018-08-01T23:20:28.960351401Z module=loom level=error _msg="failed to commit ProcessEventBatch tx" err="no new events found in the batch"
ts=2018-08-01T23:20:29.977710468Z module=loom level=error _msg="failed to commit ProcessEventBatch tx" err="no new events found in the batch"
ts=2018-08-01T23:20:30.990602137Z module=loom level=error _msg="failed to commit ProcessEventBatch tx" err="no new events found in the batch"
ts=2018-08-01T23:20:32.005564606Z module=loom level=error _msg="failed to commit ProcessEventBatch tx" err="no new events found in the batch"
ts=2018-08-01T23:20:33.021436288Z module=loom level=error _msg="failed to commit ProcessEventBatch tx" err="no new events found in the batch"
ts=2018-08-01T23:20:34.033655921Z module=loom level=error _msg="failed to commit ProcessEventBatch tx" err="no new events found in the batch"
ts=2018-08-01T23:20:35.050670953Z module=loom level=error _msg="failed to commit ProcessEventBatch tx" err="no new events found in the batch"
ts=2018-08-01T23:20:36.073515784Z module=loom level=error _msg="failed to commit ProcessEventBatch tx" err="no new events found in the batch"
01T21:08:06.995564854Z module=loom level=error err="invalid key"
ts=2018-08-01T21:08:16.998411215Z module=loom level=error err="invalid key"
ts=2018-08-01T21:08:27.005538546Z module=loom level=error err="invalid key"
ts=2018-08-01T21:08:37.00918975Z module=loom level=error err="invalid key"
ts=2018-08-01T21:08:47.016613424Z module=loom level=error err="invalid key"
ts=2018-08-01T21:08:57.024308507Z module=loom level=error err="invalid key"
ts=2018-08-01T21:09:07.029001488Z module=loom level=error err="invalid key"
ts=2018-08-01T21:09:17.036452762Z module=loom level=error err="invalid key"
ts=2018-08-01T21:09:27.041842128Z module=loom level=error err="invalid key"
ts=2018-08-01T21:09:37.047816814Z module=loom level=error err="invalid key"
ts=2018-08-01T21:09:47.053308461Z module=loom level=error err="invalid key"
ts=2018-08-01T21:09:57.060682571Z module=loom level=error err="invalid key"
ts=2018-08-01T21:10:07.063037223Z module=loom level=error err="invalid key"
ts=2018-08-01T21:10:17.068767229Z module=loom level=error err="invalid key"
ts=2018-08-01T21:10:27.075903174Z module=loom level=error err="invalid key"
ts=2018-08-01T21:10:37.087966202Z module=loom level=error err="invalid key"
ts=2018-08-01T21:10:47.099894461Z module=loom level=error err="invalid key"
ts=2018-08-01T21:10:57.10852488Z module=loom level=error err="invalid key"
ts=2018-08-01T21:11:07.116119815Z module=loom level=error err="invalid key"
ts=2018-08-01T21:11:17.123726489Z module=loom level=error err="invalid key"
ts=2018-08-01T21:11:27.128369774Z module=loom level=error err="invalid key"
ts=2018-08-01T21:11:37.131093297Z module=loom level=error err="invalid key"
ts=2018-08-01T21:11:47.141766223Z module=loom level=error err="invalid key"
ts=2018-08-01T21:11:57.150927486Z module=loom level=error err="invalid key"
ts=2018-08-01T21:12:07.15327038Z module=loom level=error err="invalid key"
ts=2018-08-01T21:12:17.16122649Z module=loom level=error err="invalid key"
ts=2018-08-01T21:12:27.165417732Z module=loom level=error err="invalid key"
ts=2018-08-01T21:12:37.16843637Z module=loom level=error err="invalid key"
ts=2018-08-01T21:12:47.172248135Z module=loom level=error err="invalid key"
ts=2018-08-01T21:12:57.184540758Z module=loom level=error err="invalid key"
ts=2018-08-01T21:13:07.187609066Z module=loom level=error err="invalid key"
ts=2018-08-01T21:13:17.195676929Z module=loom level=error err="invalid key"
ts=2018-08-01T21:13:27.202141333Z module=loom level=error err="invalid key"
ts=2018-08-01T21:13:37.214366365Z module=loom level=error err="invalid key"
ts=2018-08-01T21:13:47.224673983Z module=loom level=error err="invalid key"
ts=2018-08-01T21:13:57.231474632Z module=loom level=error err="invalid key"
ts=2018-08-01T21:14:07.234287153Z module=loom level=error err="invalid key"
ts=2018-08-01T21:14:17.242469336Z module=loom level=error err="invalid key"
ts=2018-08-01T21:14:27.251824333Z module=loom level=error err="invalid key"
ts=2018-08-01T21:14:37.258177508Z module=loom level=error err="invalid key"
ts=2018-08-01T21:14:47.267352618Z module=loom level=error err="invalid key"
ts=2018-08-01T21:14:57.270482544Z module=loom level=error err="invalid key"
ts=2018-08-01T21:15:07.276138065Z module=loom level=error err="invalid key"
ts=2018-08-01T21:15:17.281870902Z module=loom level=error err="invalid key"
ts=2018-08-01T21:15:27.285826859Z module=loom level=error err="invalid key"
ts=2018-08-01T21:15:37.297428174Z module=loom level=error err="invalid key"
ts=2018-08-01T21:15:47.309738727Z module=loom level=error err="invalid key"
ts=2018-08-01T21:15:57.317669361Z module=loom level=error err="invalid key"
ts=2018-08-01T21:16:07.328630773Z module=loom level=error err="invalid key"
ts=2018-08-01T21:16:17.333914155Z module=loom level=error err="invalid key"
ts=2018-08-01T21:16:27.340479222Z module=loom level=error err="invalid key"
ts=2018-08-01T21:16:37.350244717Z module=loom level=error err="invalid key"
ts=2018-08-01T21:16:47.358931186Z module=loom level=error err="invalid key"
ts=2018-08-01T21:16:57.3708917Z module=loom level=error err="invalid key"
ts=2018-08-01T21:17:07.376688668Z module=loom level=error err="invalid key"
ts=2018-08-01T21:17:17.383369332Z module=loom level=error err="invalid key"
ts=2018-08-01T21:17:27.392584196Z module=loom level=error err="invalid key"
ts=2018-08-01T21:17:37.395534836Z module=loom level=error err="invalid key"
ts=2018-08-01T21:17:47.401212913Z module=loom level=error err="invalid key"
ts=2018-08-01T21:17:57.405510752Z module=loom level=error err="invalid key"
ts=2018-08-01T21:18:07.417802634Z module=loom level=error err="invalid key"
ts=2018-08-01T21:18:17.423569891Z module=loom level=error err="invalid key"
ts=2018-08-01T21:18:27.433408985Z module=loom level=error err="invalid key"
ts=2018-08-01T21:18:37.435536037Z module=loom level=error err="invalid key"
ts=2018-08-01T21:18:47.442450139Z module=loom level=error err="invalid key"
ts=2018-08-01T21:18:57.449790701Z module=loom level=error err="invalid key"
ts=2018-08-01T21:19:07.453716129Z module=loom level=error err="invalid key"
ts=2018-08-01T21:19:17.458950291Z module=loom level=error err="invalid key"
ts=2018-08-01T21:19:27.469364177Z module=loom level=error err="invalid key"
ts=2018-08-01T21:19:37.48105713Z module=loom level=error err="invalid key"
ts=2018-08-01T21:19:47.488541265Z module=loom level=error err="invalid key"
ts=2018-08-01T21:19:57.492632534Z module=loom level=error err="invalid key"
ts=2018-08-01T21:20:07.503215038Z module=loom level=error err="invalid key"
ts=2018-08-01T21:20:17.514281611Z module=loom level=error err="invalid key"
ts=2018-08-01T21:20:27.524311576Z module=loom level=error err="invalid key"
ts=2018-08-01T21:20:37.536180664Z module=loom level=error err="invalid key"
ts=2018-08-01T21:20:47.544636483Z module=loom level=error err="invalid key"
ts=2018-08-01T21:20:57.549575721Z module=loom level=error err="invalid key"
ts=2018-08-01T21:21:07.553376918Z module=loom level=error err="invalid key"
ts=2018-08-01T21:21:17.555909119Z module=loom level=error err="invalid key"
ts=2018-08-01T21:21:27.557778113Z module=loom level=error err="invalid key"
ts=2018-08-01T21:21:37.564527682Z module=loom level=error err="invalid key"
ts=2018-08-01T21:21:47.571422769Z module=loom level=error err="invalid key"
ts=2018-08-01T21:21:57.581196186Z module=loom level=error err="invalid key"
ts=2018-08-01T21:22:07.589165231Z module=loom level=error err="invalid key"
ts=2018-08-01T21:22:17.597676068Z module=loom level=error err="invalid key"
ts=2018-08-01T21:22:27.599682593Z module=loom level=error err="invalid key"
ts=2018-08-01T21:22:37.604788156Z module=loom level=error err="invalid key"
ts=2018-08-01T21:22:47.612671899Z module=loom level=error err="invalid key"
ts=2018-08-01T21:22:57.617814161Z module=loom level=error err="invalid key"
ts=2018-08-01T21:23:07.623884819Z module=loom level=error err="invalid key"
ts=2018-08-01T21:23:17.627077692Z module=loom level=error err="invalid key"
ts=2018-08-01T21:23:27.634184263Z module=loom level=error err="invalid key"
ts=2018-08-01T21:23:37.636329777Z module=loom level=error err="invalid key"
ts=2018-08-01T21:23:47.638601787Z module=loom level=error err="invalid key"
ts=2018-08-01T21:23:57.644696998Z module=loom level=error err="invalid key"
ts=2018-08-01T21:24:07.647995755Z module=loom level=error err="invalid key"
ts=2018-08-01T21:24:17.650079953Z module=loom level=error err="invalid key"
ts=2018-08-01T21:24:27.653283152Z module=loom level=error err="invalid key"
ts=2018-08-01T21:24:37.660711213Z module=loom level=error err="invalid key"
ts=2018-08-01T21:24:47.668304158Z module=loom level=error err="invalid key"
ts=2018-08-01T21:24:57.675758498Z module=loom level=error err="invalid key"
ts=2018-08-01T21:25:07.680598788Z module=loom level=error err="invalid key"
ts=2018-08-01T21:25:17.683344878Z module=loom level=error err="invalid key"
ts=2018-08-01T21:25:27.685777699Z module=loom level=error err="invalid key"
ts=2018-08-01T21:25:37.68950527Z module=loom level=error err="invalid key"
ts=2018-08-01T21:25:47.696749714Z module=loom level=error err="invalid key"
ts=2018-08-01T21:25:57.702398372Z module=loom level=error err="invalid key"
ts=2018-08-01T21:26:07.705275325Z module=loom level=error err="invalid key"
ts=2018-08-01T21:26:17.712587026Z module=loom level=error err="invalid key"
ts=2018-08-01T21:26:27.716439712Z module=loom level=error err="invalid key"
ts=2018-08-01T21:26:37.724082807Z module=loom level=error err="invalid key"
ts=2018-08-01T21:26:47.727829308Z module=loom level=error err="invalid key"
ts=2018-08-01T21:26:57.735768267Z module=loom level=error err="invalid key"
ts=2018-08-01T21:27:07.739608952Z module=loom level=error err="invalid key"
ts=2018-08-01T21:27:17.742184339Z module=loom level=error err="invalid key"
ts=2018-08-01T21:27:27.749495709Z module=loom level=error err="invalid key"
ts=2018-08-01T21:27:37.755657247Z module=loom level=error err="invalid key"
ts=2018-08-01T21:27:47.75894833Z module=loom level=error err="invalid key"
ts=2018-08-01T21:27:57.763819953Z module=loom level=error err="invalid key"
ts=2018-08-01T21:28:07.767989068Z module=loom level=error err="invalid key"
ts=2018-08-01T21:28:17.772922063Z module=loom level=error err="invalid key"
ts=2018-08-01T21:28:27.775698559Z module=loom level=error err="invalid key"
ts=2018-08-01T21:28:37.781225769Z module=loom level=error err="invalid key"
ts=2018-08-01T21:28:47.785147978Z module=loom level=error err="invalid key"
ts=2018-08-01T21:28:57.788712986Z module=loom level=error err="invalid key"
ts=2018-08-01T21:29:07.790961344Z module=loom level=error err="invalid key"
ts=2018-08-01T21:29:17.793138547Z module=loom level=error err="invalid key"
ts=2018-08-01T21:29:27.796557793Z module=loom level=error err="invalid key"
ts=2018-08-01T21:29:37.803087413Z module=loom level=error err="invalid key"
ts=2018-08-01T21:29:47.806759212Z module=loom level=error err="invalid key"
ts=2018-08-01T21:29:57.81015524Z module=loom level=error err="invalid key"
ts=2018-08-01T21:30:07.816603422Z module=loom level=error err="invalid key"
ts=2018-08-01T21:30:17.824094148Z module=loom level=error err="invalid key"
ts=2018-08-01T21:30:27.826621961Z module=loom level=error err="invalid key"
ts=2018-08-01T21:30:37.831469832Z module=loom level=error err="invalid key"
ts=2018-08-01T21:30:47.833658316Z module=loom level=error err="invalid key"
ts=2018-08-01T21:30:57.836446561Z module=loom level=error err="invalid key"
ts=2018-08-01T21:31:07.840255655Z module=loom level=error err="invalid key"
ts=2018-08-01T21:31:17.844877121Z module=loom level=error err="invalid key"
ts=2018-08-01T21:31:27.850711028Z module=loom level=error err="invalid key"
ts=2018-08-01T21:31:37.852459278Z module=loom level=error err="invalid key"
ts=2018-08-01T21:31:47.856742838Z module=loom level=error err="invalid key"
ts=2018-08-01T21:31:57.860414078Z module=loom level=error err="invalid key"
ts=2018-08-01T21:32:07.863446048Z module=loom level=error err="invalid key"
ts=2018-08-01T21:32:17.869066042Z module=loom level=error err="invalid key"
ts=2018-08-01T21:32:27.873297067Z module=loom level=error err="invalid key"
ts=2018-08-01T21:32:37.879608429Z module=loom level=error err="invalid key"
ts=2018-08-01T21:32:47.882958108Z module=loom level=error err="invalid key"
ts=2018-08-01T21:32:57.885936921Z module=loom level=error err="invalid key"
ts=2018-08-01T21:33:07.888902834Z module=loom level=error err="invalid key"
ts=2018-08-01T21:33:17.892053852Z module=loom level=error err="invalid key"
ts=2018-08-01T21:33:27.898130312Z module=loom level=error err="invalid key"
ts=2018-08-01T21:33:37.903498828Z module=loom level=error err="invalid key"
ts=2018-08-01T21:33:47.906216818Z module=loom level=error err="invalid key"
ts=2018-08-01T21:33:57.91225897Z module=loom level=error err="invalid key"
ts=2018-08-01T21:34:07.918817083Z module=loom level=error err="invalid key"
ts=2018-08-01T21:34:17.920417575Z module=loom level=error err="invalid key"
ts=2018-08-01T21:34:27.925329033Z module=loom level=error err="invalid key"
ts=2018-08-01T21:34:37.930995362Z module=loom level=error err="invalid key"
ts=2018-08-01T21:34:47.937940752Z module=loom level=error err="invalid key"
ts=2018-08-01T21:34:57.943093149Z module=loom level=error err="invalid key"
ts=2018-08-01T21:35:07.949490206Z module=loom level=error err="invalid key"
ts=2018-08-01T21:35:17.952172136Z module=loom level=error err="invalid key"
ts=2018-08-01T21:35:27.957563621Z module=loom level=error err="invalid key"
ts=2018-08-01T21:35:37.963026201Z module=loom level=error err="invalid key"
ts=2018-08-01T21:35:47.965665294Z module=loom level=error err="invalid key"
ts=2018-08-01T21:35:57.970144401Z module=loom level=error err="invalid key"
ts=2018-08-01T21:36:07.973913881Z module=loom level=error err="invalid key"
ts=2018-08-01T21:36:17.978440289Z module=loom level=error err="invalid key"
ts=2018-08-01T21:36:27.98286067Z module=loom level=error err="invalid key"
ts=2018-08-01T21:36:37.990292897Z module=loom level=error err="invalid key"
ts=2018-08-01T21:36:47.997407865Z module=loom level=error err="invalid key"
ts=2018-08-01T21:36:58.00358372Z module=loom level=error err="invalid key"
ts=2018-08-01T21:37:08.012346531Z module=loom level=error err="invalid key"
ts=2018-08-01T21:37:18.020081856Z module=loom level=error err="invalid key"
ts=2018-08-01T21:37:28.02312026Z module=loom level=error err="invalid key"
ts=2018-08-01T21:37:38.027595318Z module=loom level=error err="invalid key"
ts=2018-08-01T21:37:48.033794005Z module=loom level=error err="invalid key"
ts=2018-08-01T21:37:58.035912394Z module=loom level=error err="invalid key"
ts=2018-08-01T21:38:08.040061104Z module=loom level=error err="invalid key"
ts=2018-08-01T21:38:18.042408814Z module=loom level=error err="invalid key"
ts=2018-08-01T21:38:28.048782412Z module=loom level=error err="invalid key"
ts=2018-08-01T21:38:38.053373969Z module=loom level=error err="invalid key"
ts=2018-08-01T21:38:48.055361531Z module=loom level=error err="invalid key"
ts=2018-08-01T21:38:58.061380306Z module=loom level=error err="invalid key"
ts=2018-08-01T21:39:08.067763091Z module=loom level=error err="invalid key"
ts=2018-08-01T21:39:18.069758746Z module=loom level=error err="invalid key"
ts=2018-08-01T21:39:28.074287611Z module=loom level=error err="invalid key"
ts=2018-08-01T21:39:38.081522034Z module=loom level=error err="invalid key"
ts=2018-08-01T21:39:48.086700331Z module=loom level=error err="invalid key"
ts=2018-08-01T21:39:58.09184747Z module=loom level=error err="invalid key"
ts=2018-08-01T21:40:08.097506151Z module=loom level=error err="invalid key"
ts=2018-08-01T21:40:18.102164499Z module=loom level=error err="invalid key"
ts=2018-08-01T21:40:28.105254268Z module=loom level=error err="invalid key"
ts=2018-08-01T21:40:38.110200435Z module=loom level=error err="invalid key"
ts=2018-08-01T21:40:48.113963067Z module=loom level=error err="invalid key"
ts=2018-08-01T21:40:58.119677314Z module=loom level=error err="invalid key"
ts=2018-08-01T21:41:08.124899084Z module=loom level=error err="invalid key"
ts=2018-08-01T21:41:18.126885681Z module=loom level=error err="invalid key"
ts=2018-08-01T21:41:28.131480114Z module=loom level=error err="invalid key"
ts=2018-08-01T21:41:38.134948653Z module=loom level=error err="invalid key"
ts=2018-08-01T21:41:48.141259481Z module=loom level=error err="invalid key"
ts=2018-08-01T21:41:58.146699983Z module=loom level=error err="invalid key"
ts=2018-08-01T21:42:08.150494067Z module=loom level=error err="invalid key"
ts=2018-08-01T21:42:18.156703234Z module=loom level=error err="invalid key"
ts=2018-08-01T21:42:28.159030472Z module=loom level=error err="invalid key"
ts=2018-08-01T21:42:38.162885431Z module=loom level=error err="invalid key"
ts=2018-08-01T21:42:48.166308782Z module=loom level=error err="invalid key"
ts=2018-08-01T21:42:58.1703825Z module=loom level=error err="invalid key"
ts=2018-08-01T21:43:08.173603967Z module=loom level=error err="invalid key"
ts=2018-08-01T21:43:18.181180531Z module=loom level=error err="invalid key"
ect: connection refused"
ts=2018-08-01T15:12:12.187880537Z module=loom level=error _msg="failed to retrieve state from Gateway contract on DAppChain" err="Post http://localhost:46658/query: dial tcp [::1]:46658: connect: connection refused"
ts=2018-08-01T15:12:12.188705939Z module=loom level=error _msg="failed to fetch pending withdrawals from DAppChain" err="Post http://localhost:46658/query: dial tcp [::1]:46658: connect: connection refused"
ts=2018-08-01T15:12:22.195104868Z module=loom level=error _msg="failed to retrieve state from Gateway contract on DAppChain" err="Post http://localhost:46658/query: dial tcp [::1]:46658: connect: connection refused"
ts=2018-08-01T15:12:22.196439182Z module=loom level=error _msg="failed to fetch pending withdrawals from DAppChain" err="Post http://localhost:46658/query: dial tcp [::1]:46658: connect: connection refused"
ts=2018-08-01T15:12:32.199906401Z module=loom level=error _msg="failed to retrieve state from Gateway contract on DAppChain" err="Post http://localhost:46658/query: dial tcp [::1]:46658: connect: connection refused"
ts=2018-08-01T15:12:32.201169129Z module=loom level=error _msg="failed to fetch pending withdrawals from DAppChain" err="Post http://localhost:46658/query: dial tcp [::1]:46658: connect: connection refused"
ts=2018-08-01T15:12:42.203747627Z module=loom level=error _msg="failed to retrieve state from Gateway contract on DAppChain" err="Post http://localhost:46658/query: dial tcp [::1]:46658: connect: connection refused"
ts=2018-08-01T15:12:42.204724809Z module=loom level=error _msg="failed to fetch pending withdrawals from DAppChain" err="Post http://localhost:46658/query: dial tcp [::1]:46658: connect: connection refused"
ts=2018-08-01T15:12:52.206206517Z module=loom level=error _msg="failed to retrieve state from Gateway contract on DAppChain" err="Post http://localhost:46658/query: dial tcp [::1]:46658: connect: connection refused"
ts=2018-08-01T15:12:52.207324916Z module=loom level=error _msg="failed to fetch pending withdrawals from DAppChain" err="Post http://localhost:46658/query: dial tcp [::1]:46658: connect: connection refused"
ts=2018-08-01T15:13:02.211930332Z module=loom level=error _msg="failed to retrieve state from Gateway contract on DAppChain" err="Post http://localhost:46658/query: dial tcp [::1]:46658: connect: connection refused"
ts=2018-08-01T15:13:02.212779902Z module=loom level=error _msg="failed to fetch pending withdrawals from DAppChain" err="Post http://localhost:46658/query: dial tcp [::1]:46658: connect: connection refused"
ts=2018-08-01T15:13:12.215597026Z module=loom level=error _msg="failed to retrieve state from Gateway contract on DAppChain" err="Post http://localhost:46658/query: dial tcp [::1]:46658: connect: connection refused"
ts=2018-08-01T15:13:12.216639052Z module=loom level=error _msg="failed to fetch pending withdrawals from DAppChain" err="Post http://localhost:46658/query: dial tcp [::1]:46658: connect: connection refused"
ts=2018-08-01T15:13:22.220780958Z module=loom level=error _msg="failed to retrieve state from Gateway contract on DAppChain" err="Post http://localhost:46658/query: dial tcp [::1]:46658: connect: connection refused"
ts=2018-08-01T15:13:22.222078274Z module=loom level=error _msg="failed to fetch pending withdrawals from DAppChain" err="Post http://localhost:46658/query: dial tcp [::1]:46658: connect: connection refused"
ts=2018-08-01T15:13:32.227515706Z module=loom level=error _msg="failed to retrieve state from Gateway contract on DAppChain" err="Post http://localhost:46658/query: dial tcp [::1]:46658: connect: connection refused"
ts=2018-08-01T15:13:32.228672835Z module=loom level=error _msg="failed to fetch pending withdrawals from DAppChain" err="Post http://localhost:46658/query: dial tcp [::1]:46658: connect: connection refused"
ts=2018-08-01T15:13:42.234649126Z module=loom level=error _msg="failed to retrieve state from Gateway contract on DAppChain" err="Post http://localhost:46658/query: dial tcp [::1]:46658: connect: connection refused"
ts=2018-08-01T15:13:42.236106597Z module=loom level=error _msg="failed to fetch pending withdrawals from DAppChain" err="Post http://localhost:46658/query: dial tcp [::1]:46658: connect: connection refused"
ts=2018-08-01T15:13:52.242393632Z module=loom level=error _msg="failed to retrieve state from Gateway contract on DAppChain" err="Post http://localhost:46658/query: dial tcp [::1]:46658: connect: connection refused"
ts=2018-08-01T15:13:52.243700151Z module=loom level=error _msg="failed to fetch pending withdrawals from DAppChain" err="Post http://localhost:46658/query: dial tcp [::1]:46658: connect: connection refused"
ts=2018-08-01T15:14:02.249919232Z module=loom level=error _msg="failed to retrieve state from Gateway contract on DAppChain" err="Post http://localhost:46658/query: dial tcp [::1]:46658: connect: connection refused"
ts=2018-08-01T15:14:02.251335181Z module=loom level=error _msg="failed to fetch pending withdrawals from DAppChain" err="Post http://localhost:46658/query: dial tcp [::1]:46658: connect: connection refused"
ts=2018-08-01T15:14:12.253957773Z module=loom level=error _msg="failed to retrieve state from Gateway contract on DAppChain" err="Post http://localhost:46658/query: dial tcp [::1]:46658: connect: connection refused"
ts=2018-08-01T15:14:12.255200202Z module=loom level=error _msg="failed to fetch pending withdrawals from DAppChain" err="Post http://localhost:46658/query: dial tcp [::1]:46658: connect: connection refused"
ts=2018-08-01T15:14:22.259406177Z module=loom level=error _msg="failed to retrieve state from Gateway contract on DAppChain" err="Post http://localhost:46658/query: dial tcp [::1]:46658: connect: connection refused"
ts=2018-08-01T15:14:22.260102188Z module=loom level=error _msg="failed to fetch pending withdrawals from DAppChain" err="Post http://localhost:46658/query: dial tcp [::1]:46658: connect: connection refused"
ts=2018-08-01T15:14:32.266173351Z module=loom level=error _msg="failed to retrieve state from Gateway contract on DAppChain" err="Post http://localhost:46658/query: dial tcp [::1]:46658: connect: connection refused"
ts=2018-08-01T15:14:32.267485071Z module=loom level=error _msg="failed to fetch pending withdrawals from DAppChain" err="Post http://localhost:46658/query: dial tcp [::1]:46658: connect: connection refused"
ts=2018-08-01T15:14:42.2726181Z module=loom level=error _msg="failed to retrieve state from Gateway contract on DAppChain" err="Post http://localhost:46658/query: dial tcp [::1]:46658: connect: connection refused"
ts=2018-08-01T15:14:42.273979462Z module=loom level=error _msg="failed to fetch pending withdrawals from DAppChain" err="Post http://localhost:46658/query: dial tcp [::1]:46658: connect: connection refused"
ts=2018-08-01T15:14:52.275772547Z module=loom level=error _msg="failed to retrieve state from Gateway contract on DAppChain" err="Post http://localhost:46658/query: dial tcp [::1]:46658: connect: connection refused"
ts=2018-08-01T15:14:52.277107408Z module=loom level=error _msg="failed to fetch pending withdrawals from DAppChain" err="Post http://localhost:46658/query: dial tcp [::1]:46658: connect: connection refused"
ts=2018-08-01T15:15:02.281068052Z module=loom level=error _msg="failed to retrieve state from Gateway contract on DAppChain" err="Post http://localhost:46658/query: dial tcp [::1]:46658: connect: connection refused"
ts=2018-08-01T15:15:02.282248802Z module=loom level=error _msg="failed to fetch pending withdrawals from DAppChain" err="Post http://localhost:46658/query: dial tcp [::1]:46658: connect: connection refused"
ts=2018-08-01T15:15:12.286213309Z module=loom level=error _msg="failed to retrieve state from Gateway contract on DAppChain" err="Post http://localhost:46658/query: dial tcp [::1]:46658: connect: connection refused"
ts=2018-08-01T15:15:12.287219367Z module=loom level=error _msg="failed to fetch pending withdrawals from DAppChain" err="Post http://localhost:46658/query: dial tcp [::1]:46658: connect: connection refused"
ts=2018-08-01T15:15:22.29230535Z module=loom level=error _msg="failed to retrieve state from Gateway contract on DAppChain" err="Post http://localhost:46658/query: dial tcp [::1]:46658: connect: connection refused"
ts=2018-08-01T15:15:22.294165621Z module=loom level=error _msg="failed to fetch pending withdrawals from DAppChain" err="Post http://localhost:46658/query: dial tcp [::1]:46658: connect: connection refused"
ts=2018-08-01T15:15:32.299552341Z module=loom level=error _msg="failed to retrieve state from Gateway contract on DAppChain" err="Post http://localhost:46658/query: dial tcp [::1]:46658: connect: connection refused"
ts=2018-08-01T15:15:32.300330857Z module=loom level=error _msg="failed to fetch pending withdrawals from DAppChain" err="Post http://localhost:46658/query: dial tcp [::1]:46658: connect: connection refused"
ts=2018-08-01T15:15:42.303673104Z module=loom level=error _msg="failed to retrieve state from Gateway contract on DAppChain" err="Post http://localhost:46658/query: dial tcp [::1]:46658: connect: connection refused"
ts=2018-08-01T15:15:42.305526862Z module=loom level=error _msg="failed to fetch pending withdrawals from DAppChain" err="Post http://localhost:46658/query: dial tcp [::1]:46658: connect: connection refused"
ts=2018-08-01T15:15:52.313412747Z module=loom level=error err="invalid key"
ts=2018-08-01T15:16:02.317727835Z module=loom level=error err="invalid key"
ts=2018-08-01T15:16:12.32209173Z module=loom level=error err="invalid key"
ts=2018-08-01T15:16:22.325436964Z module=loom level=error err="invalid key"
ts=2018-08-01T15:16:32.331642685Z module=loom level=error err="invalid key"
ts=2018-08-01T15:16:42.338059693Z module=loom level=error err="invalid key"
ts=2018-08-01T15:16:52.344301667Z module=loom level=error err="invalid key"
ts=2018-08-01T15:17:02.350690378Z module=loom level=error err="invalid key"
ts=2018-08-01T15:17:12.357624748Z module=loom level=error err="invalid key"
ts=2018-08-01T15:17:22.363824995Z module=loom level=error err="invalid key"
ts=2018-08-01T15:17:32.365697055Z module=loom level=error err="invalid key"
no new events found in the batch"
ts=2018-08-01T11:59:07.51200808Z module=loom level=error _msg="failed to commit ProcessEventBatch tx" err="no new events found in the batch"
ts=2018-08-01T11:59:08.533525585Z module=loom level=error _msg="failed to commit ProcessEventBatch tx" err="no new events found in the batch"
ts=2018-08-01T11:59:09.551551741Z module=loom level=error _msg="failed to commit ProcessEventBatch tx" err="no new events found in the batch"
ts=2018-08-01T11:59:10.570323318Z module=loom level=error _msg="failed to commit ProcessEventBatch tx" err="no new events found in the batch"
ts=2018-08-01T11:59:11.595297396Z module=loom level=error _msg="failed to commit ProcessEventBatch tx" err="no new events found in the batch"
ts=2018-08-01T11:59:12.614142675Z module=loom level=error _msg="failed to commit ProcessEventBatch tx" err="no new events found in the batch"
ts=2018-08-01T11:59:13.635359984Z module=loom level=error _msg="failed to commit ProcessEventBatch tx" err="no new events found in the batch"
ts=2018-08-01T11:59:14.65382812Z module=loom level=error _msg="failed to commit ProcessEventBatch tx" err="no new events found in the batch"
ts=2018-08-01T11:59:15.675110003Z module=loom level=error _msg="failed to commit ProcessEventBatch tx" err="no new events found in the batch"
ts=2018-08-01T11:59:16.69514518Z module=loom level=error _msg="failed to commit ProcessEventBatch tx" err="no new events found in the batch"
ts=2018-08-01T11:59:17.718328337Z module=loom level=error _msg="failed to commit ProcessEventBatch tx" err="no new events found in the batch"
ts=2018-08-01T11:59:18.736089262Z module=loom level=error _msg="failed to commit ProcessEventBatch tx" err="no new events found in the batch"
ts=2018-08-01T11:59:19.756255241Z module=loom level=error _msg="failed to commit ProcessEventBatch tx" err="no new events found in the batch"
ts=2018-08-01T11:59:20.774023716Z module=loom level=error _msg="failed to commit ProcessEventBatch tx" err="no new events found in the batch"
ts=2018-08-01T11:59:21.794467375Z module=loom level=error _msg="failed to commit ProcessEventBatch tx" err="no new events found in the batch"
ts=2018-08-01T11:59:22.810564604Z module=loom level=error _msg="failed to commit ProcessEventBatch tx" err="no new events found in the batch"
ts=2018-08-01T11:59:23.829331965Z module=loom level=error _msg="failed to commit ProcessEventBatch tx" err="no new events found in the batch"
ts=2018-08-01T11:59:24.850141405Z module=loom level=error _msg="failed to commit ProcessEventBatch tx" err="no new events found in the batch"
ts=2018-08-01T11:59:25.870451438Z module=loom level=error _msg="failed to commit ProcessEventBatch tx" err="no new events found in the batch"
ts=2018-08-01T11:59:26.893861301Z module=loom level=error _msg="failed to commit ProcessEventBatch tx" err="no new events found in the batch"
ts=2018-08-01T11:59:27.917598609Z module=loom level=error _msg="failed to commit ProcessEventBatch tx" err="no new events found in the batch"
ts=2018-08-01T11:59:28.937494453Z module=loom level=error _msg="failed to commit ProcessEventBatch tx" err="no new events found in the batch"
ts=2018-08-01T11:59:29.952833544Z module=loom level=error _msg="failed to commit ProcessEventBatch tx" err="no new events found in the batch"
ts=2018-08-01T11:59:30.970178302Z module=loom level=error _msg="failed to commit ProcessEventBatch tx" err="no new events found in the batch"
ts=2018-08-01T11:59:31.990794995Z module=loom level=error _msg="failed to commit ProcessEventBatch tx" err="no new events found in the batch"
ts=2018-08-01T11:59:33.007999822Z module=loom level=error _msg="failed to commit ProcessEventBatch tx" err="no new events found in the batch"
ts=2018-08-01T11:59:34.026739541Z module=loom level=error _msg="failed to commit ProcessEventBatch tx" err="no new events found in the batch"
ts=2018-08-01T11:59:35.051657592Z module=loom level=error _msg="failed to commit ProcessEventBatch tx" err="no new events found in the batch"
ts=2018-08-01T11:59:36.074512896Z module=loom level=error _msg="failed to commit ProcessEventBatch tx" err="no new events found in the batch"
ts=2018-08-01T11:59:37.096217923Z module=loom level=error _msg="failed to commit ProcessEventBatch tx" err="no new events found in the batch"
ts=2018-08-01T11:59:38.117997569Z module=loom level=error _msg="failed to commit ProcessEventBatch tx" err="no new events found in the batch"
ts=2018-08-01T11:59:39.13563194Z module=loom level=error _msg="failed to commit ProcessEventBatch tx" err="no new events found in the batch"
ts=2018-08-01T11:59:40.156089107Z module=loom level=error _msg="failed to commit ProcessEventBatch tx" err="no new events found in the batch"
ts=2018-08-01T11:59:41.176638824Z module=loom level=error _msg="failed to commit ProcessEventBatch tx" err="no new events found in the batch"
ts=2018-08-01T11:59:42.199912021Z module=loom level=error _msg="failed to commit ProcessEventBatch tx" err="no new events found in the batch"
ts=2018-08-01T11:59:43.221425055Z module=loom level=error _msg="failed to commit ProcessEventBatch tx" err="no new events found in the batch"
ts=2018-08-01T11:59:44.244033699Z module=loom level=error _msg="failed to commit ProcessEventBatch tx" err="no new events found in the batch"
ts=2018-08-01T11:59:45.267569531Z module=loom level=error _msg="failed to commit ProcessEventBatch tx" err="no new events found in the batch"
ts=2018-08-01T11:59:46.291958481Z module=loom level=error _msg="failed to commit ProcessEventBatch tx" err="no new events found in the batch"
ts=2018-08-01T11:59:47.31560259Z module=loom level=error _msg="failed to commit ProcessEventBatch tx" err="no new events found in the batch"
ts=2018-08-01T11:59:48.332907493Z module=loom level=error _msg="failed to commit ProcessEventBatch tx" err="no new events found in the batch"
ts=2018-08-01T11:59:49.353565124Z module=loom level=error _msg="failed to commit ProcessEventBatch tx" err="no new events found in the batch"
ts=2018-08-01T11:59:50.375645726Z module=loom level=error _msg="failed to commit ProcessEventBatch tx" err="no new events found in the batch"
ts=2018-08-01T11:59:51.395726199Z module=loom level=error _msg="failed to commit ProcessEventBatch tx" err="no new events found in the batch"
ts=2018-08-01T11:59:52.413579539Z module=loom level=error _msg="failed to commit ProcessEventBatch tx" err="no new events found in the batch"
ts=2018-08-01T11:59:53.432182817Z module=loom level=error _msg="failed to commit ProcessEventBatch tx" err="no new events found in the batch"
ts=2018-08-01T11:59:54.453767047Z module=loom level=error _msg="failed to commit ProcessEventBatch tx" err="no new events found in the batch"
ts=2018-08-01T11:59:55.473362369Z module=loom level=error _msg="failed to commit ProcessEventBatch tx" err="no new events found in the batch"
ts=2018-08-01T11:59:56.49152437Z module=loom level=error _msg="failed to commit ProcessEventBatch tx" err="no new events found in the batch"
ts=2018-08-01T11:59:57.510928002Z module=loom level=error _msg="failed to commit ProcessEventBatch tx" err="no new events found in the batch"
ts=2018-08-01T11:59:58.534219793Z module=loom level=error _msg="failed to commit ProcessEventBatch tx" err="no new events found in the batch"
ts=2018-08-01T11:59:59.555108711Z module=loom level=error _msg="failed to commit ProcessEventBatch tx" err="no new events found in the batch"
ts=2018-08-01T12:00:00.576683367Z module=loom level=error _msg="failed to commit ProcessEventBatch tx" err="no new events found in the batch"
ts=2018-08-01T12:00:01.594877223Z module=loom level=error _msg="failed to commit ProcessEventBatch tx" err="no new events found in the batch"
ts=2018-08-01T12:00:02.613192617Z module=loom level=error _msg="failed to commit ProcessEventBatch tx" err="no new events found in the batch"
ts=2018-08-01T12:00:03.632185116Z module=loom level=error _msg="failed to commit ProcessEventBatch tx" err="no new events found in the batch"
ts=2018-08-01T12:00:04.654890183Z module=loom level=error _msg="failed to commit ProcessEventBatch tx" err="no new events found in the batch"
ts=2018-08-01T12:00:05.67715493Z module=loom level=error _msg="failed to commit ProcessEventBatch tx" err="no new events found in the batch"
ts=2018-08-01T12:00:06.700140887Z module=loom level=error _msg="failed to commit ProcessEventBatch tx" err="no new events found in the batch"
ts=2018-08-01T12:00:07.714335085Z module=loom level=error _msg="failed to commit ProcessEventBatch tx" err="no new events found in the batch"
ts=2018-08-01T12:00:08.731776935Z module=loom level=error _msg="failed to commit ProcessEventBatch tx" err="no new events found in the batch"
ts=2018-08-01T12:00:09.756775747Z module=loom level=error _msg="failed to commit ProcessEventBatch tx" err="no new events found in the batch"
ts=2018-08-01T12:00:10.775093195Z module=loom level=error _msg="failed to commit ProcessEventBatch tx" err="no new events found in the batch"
ts=2018-08-01T12:00:11.795886908Z module=loom level=error _msg="failed to commit ProcessEventBatch tx" err="no new events found in the batch"
ts=2018-08-01T12:00:12.815347582Z module=loom level=error _msg="failed to commit ProcessEventBatch tx" err="no new events found in the batch"
ts=2018-08-01T12:00:13.835337536Z module=loom level=error _msg="failed to commit ProcessEventBatch tx" err="no new events found in the batch"
ts=2018-08-01T12:00:14.858671664Z module=loom level=error _msg="failed to commit ProcessEventBatch tx" err="no new events found in the batch"
ts=2018-08-01T12:00:15.876212662Z module=loom level=error _msg="failed to commit ProcessEventBatch tx" err="no new events found in the batch"
ts=2018-08-01T12:00:16.901316922Z module=loom level=error _msg="failed to commit ProcessEventBatch tx" err="no new events found in the batch"
ts=2018-08-01T12:00:17.919579192Z module=loom level=error _msg="failed to commit ProcessEventBatch tx" err="no new events found in the batch"
ts=2018-08-01T12:00:18.94102249Z module=loom level=error _msg="failed to commit ProcessEventBatch tx" err="no new events found in the batch"
ts=2018-08-01T12:00:19.962121508Z module=loom level=error _msg="failed to commit ProcessEventBatch tx" err="no new events found in the batch"
ts=2018-08-01T12:00:20.982973113Z module=loom level=error _msg="failed to commit ProcessEventBatch tx" err="no new events found in the batch"
ts=2018-08-01T12:00:22.004065271Z module=loom level=error _msg="failed to commit ProcessEventBatch tx" err="no new events found in the batch"
ts=2018-08-01T12:00:23.024020111Z module=loom level=error _msg="failed to commit ProcessEventBatch tx" err="no new events found in the batch"
ts=2018-08-01T12:00:24.041447001Z module=loom level=error _msg="failed to commit ProcessEventBatch tx" err="no new events found in the batch"
ts=2018-08-01T12:00:25.063831732Z module=loom level=error _msg="failed to commit ProcessEventBatch tx" err="no new events found in the batch"
ts=2018-08-01T12:00:26.082213748Z module=loom level=error _msg="failed to commit ProcessEventBatch tx" err="no new events found in the batch"
ts=2018-08-01T12:00:27.106258263Z module=loom level=error _msg="failed to commit ProcessEventBatch tx" err="no new events found in the batch"
ts=2018-08-01T12:00:28.125734089Z module=loom level=error _msg="failed to commit ProcessEventBatch tx" err="no new events found in the batch"
ts=2018-08-01T12:00:29.140139253Z module=loom level=error _msg="failed to commit ProcessEventBatch tx" err="no new events found in the batch"
ts=2018-08-01T12:00:30.160571555Z module=loom level=error _msg="failed to commit ProcessEventBatch tx" err="no new events found in the batch"
ts=2018-08-01T12:00:31.180989648Z module=loom level=error _msg="failed to commit ProcessEventBatch tx" err="no new events found in the batch"
ts=2018-08-01T12:00:32.203319736Z module=loom level=error _msg="failed to commit ProcessEventBatch tx" err="no new events found in the batch"
ts=2018-08-01T12:00:33.225427853Z module=loom level=error _msg="failed to commit ProcessEventBatch tx" err="no new events found in the batch"
ts=2018-08-01T12:00:34.248134094Z module=loom level=error _msg="failed to commit ProcessEventBatch tx" err="no new events found in the batch"
ts=2018-08-01T12:00:35.271643856Z module=loom level=error _msg="failed to commit ProcessEventBatch tx" err="no new events found in the batch"
ts=2018-08-01T12:00:36.296394719Z module=loom level=error _msg="failed to commit ProcessEventBatch tx" err="no new events found in the batch"
ts=2018-08-01T12:00:37.318619385Z module=loom level=error _msg="failed to commit ProcessEventBatch tx" err="no new events found in the batch"
ts=2018-08-01T12:00:38.338555205Z module=loom level=error _msg="failed to commit ProcessEventBatch tx" err="no new events found in the batch"
ts=2018-08-01T12:00:39.357492411Z module=loom level=error _msg="failed to commit ProcessEventBatch tx" err="no new events found in the batch"
ts=2018-08-01T12:00:40.382969226Z module=loom level=error _msg="failed to commit ProcessEventBatch tx" err="no new events found in the batch"
ts=2018-08-01T12:00:41.405864607Z module=loom level=error _msg="failed to commit ProcessEventBatch tx" err="no new events found in the batch"
ts=2018-08-01T12:00:42.425652056Z module=loom level=error _msg="failed to commit ProcessEventBatch tx" err="no new events found in the batch"
ts=2018-08-01T12:00:43.445002469Z module=loom level=error _msg="failed to commit ProcessEventBatch tx" err="no new events found in the batch"
ts=2018-08-01T12:00:44.465913029Z module=loom level=error _msg="failed to commit ProcessEventBatch tx" err="no new events found in the batch"
ts=2018-08-01T12:00:45.486222826Z module=loom level=error _msg="failed to commit ProcessEventBatch tx" err="no new events found in the batch"
ts=2018-08-01T12:00:46.506494564Z module=loom level=error _msg="failed to commit ProcessEventBatch tx" err="no new events found in the batch"
ts=2018-08-01T12:00:47.525039968Z module=loom level=error _msg="failed to commit ProcessEventBatch tx" err="no new events found in the batch"
ts=2018-08-01T12:00:48.547890065Z module=loom level=error _msg="failed to commit ProcessEventBatch tx" err="no new events found in the batch"
ts=2018-08-01T12:00:49.568105755Z module=loom level=error _msg="failed to commit ProcessEventBatch tx" err="no new events found in the batch"
ts=2018-08-01T12:00:50.589965289Z module=loom level=error _msg="failed to commit ProcessEventBatch tx" err="no new events found in the batch"
ts=2018-08-01T12:00:51.611109752Z module=loom level=error _msg="failed to commit ProcessEventBatch tx" err="no new events found in the batch"
ts=2018-08-01T12:00:52.627038339Z module=loom level=error _msg="failed to commit ProcessEventBatch tx" err="no new events found in the batch"
ts=2018-08-01T12:00:53.644603703Z module=loom level=error _msg="failed to commit ProcessEventBatch tx" err="no new events found in the batch"
ts=2018-08-01T12:00:54.667790863Z module=loom level=error _msg="failed to commit ProcessEventBatch tx" err="no new events found in the batch"
ts=2018-08-01T12:00:55.690350533Z module=loom level=error _msg="failed to commit ProcessEventBatch tx" err="no new events found in the batch"
ts=2018-08-01T12:00:56.7137571Z module=loom level=error _msg="failed to commit ProcessEventBatch tx" err="no new events found in the batch"
ts=2018-08-01T12:00:57.732579984Z module=loom level=error _msg="failed to commit ProcessEventBatch tx" err="no new events found in the batch"
ts=2018-08-01T12:00:58.753116313Z module=loom level=error _msg="failed to commit ProcessEventBatch tx" err="no new events found in the batch"
ts=2018-08-01T12:00:59.775307209Z module=loom level=error _msg="failed to commit ProcessEventBatch tx" err="no new events found in the batch"
ts=2018-08-01T12:01:00.794461863Z module=loom level=error _msg="failed to commit ProcessEventBatch tx" err="no new events found in the batch"
ts=2018-08-01T12:01:01.811732133Z module=loom level=error _msg="failed to commit ProcessEventBatch tx" err="no new events found in the batch"
ts=2018-08-01T12:01:02.831083049Z module=loom level=error _msg="failed to commit ProcessEventBatch tx" err="no new events found in the batch"
ts=2018-08-01T12:01:03.849923623Z module=loom level=error _msg="failed to commit ProcessEventBatch tx" err="no new events found in the batch"
ts=2018-08-01T12:01:04.869883983Z module=loom level=error _msg="failed to commit ProcessEventBatch tx" err="no new events found in the batch"
ts=2018-08-01T12:01:05.889215461Z module=loom level=error _msg="failed to commit ProcessEventBatch tx" err="no new events found in the batch"
ts=2018-08-01T12:01:06.913434898Z module=loom level=error _msg="failed to commit ProcessEventBatch tx" err="no new events found in the batch"
ts=2018-08-01T12:01:07.930304833Z module=loom level=error _msg="failed to commit ProcessEventBatch tx" err="no new events found in the batch"
ts=2018-08-01T12:01:08.952056956Z module=loom level=error _msg="failed to commit ProcessEventBatch tx" err="no new events found in the batch"
ts=2018-08-01T12:01:09.970729206Z module=loom level=error _msg="failed to commit ProcessEventBatch tx" err="no new events found in the batch"
ts=2018-08-01T12:01:10.992345721Z module=loom level=error _msg="failed to commit ProcessEventBatch tx" err="no new events found in the batch"
ts=2018-08-01T12:01:12.014547944Z module=loom level=error _msg="failed to commit ProcessEventBatch tx" err="no new events found in the batch"
ts=2018-08-01T12:01:13.031277247Z module=loom level=error _msg="failed to commit ProcessEventBatch tx" err="no new events found in the batch"
ts=2018-08-01T12:01:14.051886733Z module=loom level=error _msg="failed to commit ProcessEventBatch tx" err="no new events found in the batch"
ts=2018-08-01T12:01:15.071727104Z module=loom level=error _msg="failed to commit ProcessEventBatch tx" err="no new events found in the batch"
ts=2018-08-01T12:01:16.086445821Z module=loom level=error _msg="failed to commit ProcessEventBatch tx" err="no new events found in the batch"
ts=2018-08-01T12:01:17.107252178Z module=loom level=error _msg="failed to commit ProcessEventBatch tx" err="no new events found in the batch"
ts=2018-08-01T12:01:18.129884579Z module=loom level=error _msg="failed to commit ProcessEventBatch tx" err="no new events found in the batch"
ts=2018-08-01T12:01:19.148317714Z module=loom level=error _msg="failed to commit ProcessEventBatch tx" err="no new events found in the batch"
ts=2018-08-01T12:01:20.163894894Z module=loom level=error _msg="failed to commit ProcessEventBatch tx" err="no new events found in the batch"
ts=2018-08-01T12:01:21.184996207Z module=loom level=error _msg="failed to commit ProcessEventBatch tx" err="no new events found in the batch"
ts=2018-08-01T12:01:22.208236129Z module=loom level=error _msg="failed to commit ProcessEventBatch tx" err="no new events found in the batch"
ts=2018-08-01T12:01:23.223552255Z module=loom level=error _msg="failed to commit ProcessEventBatch tx" err="no new events found in the batch"
ts=2018-08-01T12:01:24.237431885Z module=loom level=error _msg="failed to commit ProcessEventBatch tx" err="no new events found in the batch"
ts=2018-08-01T12:01:25.253803463Z module=loom level=error _msg="failed to commit ProcessEventBatch tx" err="no new events found in the batch"
ts=2018-08-01T12:01:26.267290228Z module=loom level=error _msg="failed to commit ProcessEventBatch tx" err="no new events found in the batch"
ts=2018-08-01T12:01:27.291557228Z module=loom level=error _msg="failed to commit ProcessEventBatch tx" err="no new events found in the batch"
ts=2018-08-01T12:01:28.312661319Z module=loom level=error _msg="failed to commit ProcessEventBatch tx" err="no new events found in the batch"
ts=2018-08-01T12:01:29.327614458Z module=loom level=error _msg="failed to commit ProcessEventBatch tx" err="no new events found in the batch"
ts=2018-08-01T12:01:30.345375107Z module=loom level=error _msg="failed to commit ProcessEventBatch tx" err="no new events found in the batch"
ts=2018-08-01T12:01:31.368561881Z module=loom level=error _msg="failed to commit ProcessEventBatch tx" err="no new events found in the batch"
ts=2018-08-01T12:01:32.389218297Z module=loom level=error _msg="failed to commit ProcessEventBatch tx" err="no new events found in the batch"
ts=2018-08-01T12:01:33.411932679Z module=loom level=error _msg="failed to commit ProcessEventBatch tx" err="no new events found in the batch"
ts=2018-08-01T12:01:34.427267162Z module=loom level=error _msg="failed to commit ProcessEventBatch tx" err="no new events found in the batch"
ts=2018-08-01T12:01:35.449785969Z module=loom level=error _msg="failed to commit ProcessEventBatch tx" err="no new events found in the batch"
ts=2018-08-01T12:01:36.469622121Z module=loom level=error _msg="failed to commit ProcessEventBatch tx" err="no new events found in the batch"
ts=2018-08-01T12:01:37.487951795Z module=loom level=error _msg="failed to commit ProcessEventBatch tx" err="no new events found in the batch"
ts=2018-08-01T12:01:38.503548904Z module=loom level=error _msg="failed to commit ProcessEventBatch tx" err="no new events found in the batch"
ts=2018-08-01T12:01:39.526016119Z module=loom level=error _msg="failed to commit ProcessEventBatch tx" err="no new events found in the batch"
ts=2018-08-01T12:01:40.547347702Z module=loom level=error _msg="failed to commit ProcessEventBatch tx" err="no new events found in the batch"
ts=2018-08-01T12:01:41.567852388Z module=loom level=error _msg="failed to commit ProcessEventBatch tx" err="no new events found in the batch"
ts=2018-08-01T12:01:42.588012495Z module=loom level=error _msg="failed to commit ProcessEventBatch tx" err="no new events found in the batch"
ts=2018-08-01T12:01:43.606926372Z module=loom level=error _msg="failed to commit ProcessEventBatch tx" err="no new events found in the batch"
ts=2018-08-01T12:01:44.627720344Z module=loom level=error _msg="failed to commit ProcessEventBatch tx" err="no new events found in the batch"
ts=2018-08-01T12:01:45.648330682Z module=loom level=error _msg="failed to commit ProcessEventBatch tx" err="no new events found in the batch"
ts=2018-08-01T12:01:46.669298735Z module=loom level=error _msg="failed to commit ProcessEventBatch tx" err="no new events found in the batch"
ts=2018-08-01T12:01:47.68911705Z module=loom level=error _msg="failed to commit ProcessEventBatch tx" err="no new events found in the batch"
ts=2018-08-01T12:01:48.712490919Z module=loom level=error _msg="failed to commit ProcessEventBatch tx" err="no new events found in the batch"
ts=2018-08-01T12:01:49.729095197Z module=loom level=error _msg="failed to commit ProcessEventBatch tx" err="no new events found in the batch"
ts=2018-08-01T12:01:50.752789462Z module=loom level=error _msg="failed to commit ProcessEventBatch tx" err="no new events found in the batch"
ts=2018-08-01T12:01:51.775732789Z module=loom level=error _msg="failed to commit ProcessEventBatch tx" err="no new events found in the batch"
ts=2018-08-01T12:01:52.796140829Z module=loom level=error _msg="failed to commit ProcessEventBatch tx" err="no new events found in the batch"
ts=2018-08-01T12:01:53.817817831Z module=loom level=error _msg="failed to commit ProcessEventBatch tx" err="no new events found in the batch"
ts=2018-08-01T12:01:54.839403032Z module=loom level=error _msg="failed to commit ProcessEventBatch tx" err="no new events found in the batch"
ts=2018-08-01T12:01:55.861372375Z module=loom level=error _msg="failed to commit ProcessEventBatch tx" err="no new events found in the batch"
ts=2018-08-01T12:01:56.882278125Z module=loom level=error _msg="failed to commit ProcessEventBatch tx" err="no new events found in the batch"
ts=2018-08-01T12:01:57.902550234Z module=loom level=error _msg="failed to commit ProcessEventBatch tx" err="no new events found in the batch"
ts=2018-08-01T12:01:58.921241583Z module=loom level=error _msg="failed to commit ProcessEventBatch tx" err="no new events found in the batch"
ts=2018-08-01T12:01:59.940195276Z module=loom level=error _msg="failed to commit ProcessEventBatch tx" err="no new events found in the batch"
ts=2018-08-01T12:02:00.957882044Z module=loom level=error _msg="failed to commit ProcessEventBatch tx" err="no new events found in the batch"
ts=2018-08-01T12:02:01.97842612Z module=loom level=error _msg="failed to commit ProcessEventBatch tx" err="no new events found in the batch"
ts=2018-08-01T12:02:03.000231366Z module=loom level=error _msg="failed to commit ProcessEventBatch tx" err="no new events found in the batch"
ts=2018-08-01T12:02:04.020217471Z module=loom level=error _msg="failed to commit ProcessEventBatch tx" err="no new events found in the batch"
ts=2018-08-01T12:02:05.038908034Z module=loom level=error _msg="failed to commit ProcessEventBatch tx" err="no new events found in the batch"
ts=2018-08-01T12:02:06.060851374Z module=loom level=error _msg="failed to commit ProcessEventBatch tx" err="no new events found in the batch"
ts=2018-08-01T12:02:07.082304841Z module=loom level=error _msg="failed to commit ProcessEventBatch tx" err="no new events found in the batch"
ts=2018-08-01T12:02:08.103297735Z module=loom level=error _msg="failed to commit ProcessEventBatch tx" err="no new events found in the batch"
